{
  "stats": {
    "suites": 12,
    "tests": 41,
    "passes": 23,
    "pending": 0,
    "failures": 18,
    "start": "2022-05-30T17:58:54.988Z",
    "end": "2022-05-30T18:00:33.100Z",
    "duration": 98112,
    "testsRegistered": 41,
    "passPercent": 56.09756097560976,
    "pendingPercent": 0,
    "other": 0,
    "hasOther": false,
    "skipped": 0,
    "hasSkipped": false
  },
  "results": [
    {
      "uuid": "7891ec36-ca5d-4c4e-ab83-3299a3b98ba4",
      "title": "",
      "fullFile": "cypress/integration/project.spec.js",
      "file": "cypress/integration/project.spec.js",
      "beforeHooks": [],
      "afterHooks": [],
      "tests": [],
      "suites": [
        {
          "uuid": "7b2c6db4-57f8-4408-a487-90f5cdc7a105",
          "title": "1 - Adicione à página o título \"Paleta de Cores\".",
          "fullFile": "",
          "file": "",
          "beforeHooks": [],
          "afterHooks": [],
          "tests": [
            {
              "title": "Verifica se contém um elemento `h1` com o id `title` com o título correto",
              "fullTitle": "1 - Adicione à página o título \"Paleta de Cores\". Verifica se contém um elemento `h1` com o id `title` com o título correto",
              "timedOut": null,
              "duration": 123,
              "state": "passed",
              "speed": "slow",
              "pass": true,
              "fail": false,
              "pending": false,
              "context": null,
              "code": "cy.get('h1#title').should('contain.text', 'Paleta de Cores');",
              "err": {},
              "uuid": "cb92aeed-0bc7-4077-be4c-9fea1a5db1ca",
              "parentUUID": "7b2c6db4-57f8-4408-a487-90f5cdc7a105",
              "isHook": false,
              "skipped": false
            }
          ],
          "suites": [],
          "passes": [
            "cb92aeed-0bc7-4077-be4c-9fea1a5db1ca"
          ],
          "failures": [],
          "pending": [],
          "skipped": [],
          "duration": 123,
          "root": false,
          "rootEmpty": false,
          "_timeout": 2000
        },
        {
          "uuid": "9116c632-16c8-43fd-ab8d-2a017b684c6b",
          "title": "2 - Adicione à página uma paleta de quatro cores distintas.",
          "fullFile": "",
          "file": "",
          "beforeHooks": [],
          "afterHooks": [],
          "tests": [
            {
              "title": "A paleta de cores deve ser um elemento com `id` denominado `color-palette` e ter mais de 0px de altura e de largura.",
              "fullTitle": "2 - Adicione à página uma paleta de quatro cores distintas. A paleta de cores deve ser um elemento com `id` denominado `color-palette` e ter mais de 0px de altura e de largura.",
              "timedOut": null,
              "duration": 59,
              "state": "passed",
              "speed": "medium",
              "pass": true,
              "fail": false,
              "pending": false,
              "context": null,
              "code": "cy.get('#color-palette').should('be.visible');\ncy.get('#color-palette').children('.color');",
              "err": {},
              "uuid": "5cf71d7d-b678-494b-bd04-6bc79bb7738f",
              "parentUUID": "9116c632-16c8-43fd-ab8d-2a017b684c6b",
              "isHook": false,
              "skipped": false
            },
            {
              "title": "Verifica se cada cor individual da paleta de cores possui a `classe` chamada `color`.",
              "fullTitle": "2 - Adicione à página uma paleta de quatro cores distintas. Verifica se cada cor individual da paleta de cores possui a `classe` chamada `color`.",
              "timedOut": null,
              "duration": 4182,
              "state": "failed",
              "speed": null,
              "pass": false,
              "fail": true,
              "pending": false,
              "context": null,
              "code": "cy.get('.color').should('have.length', 4).then(function (colors) {\n  for (var i = 0; i < colors.length; i++) {\n    cy.wrap(colors[i]).should('be.visible');\n  }\n});",
              "err": {
                "message": "CypressError: Timed out retrying: Too many elements found. Found '5', expected '4'.",
                "estack": "CypressError: Timed out retrying: Too many elements found. Found '5', expected '4'.\n    at cypressErr (http://localhost:39507/__cypress/runner/cypress_runner.js:149934:9)\n    at throwErr (http://localhost:39507/__cypress/runner/cypress_runner.js:149867:11)\n    at Object.throwErrByPath (http://localhost:39507/__cypress/runner/cypress_runner.js:149915:3)\n    at retry (http://localhost:39507/__cypress/runner/cypress_runner.js:144197:19)\n    at onFailFn (http://localhost:39507/__cypress/runner/cypress_runner.js:132448:16)\n    at tryCatcher (http://localhost:39507/__cypress/runner/cypress_runner.js:167415:23)\n    at Promise._settlePromiseFromHandler (http://localhost:39507/__cypress/runner/cypress_runner.js:165351:31)\n    at Promise._settlePromise (http://localhost:39507/__cypress/runner/cypress_runner.js:165408:18)\n    at Promise._settlePromise0 (http://localhost:39507/__cypress/runner/cypress_runner.js:165453:10)\n    at Promise._settlePromises (http://localhost:39507/__cypress/runner/cypress_runner.js:165528:18)\n    at Async../node_modules/bluebird/js/release/async.js.Async._drainQueue (http://localhost:39507/__cypress/runner/cypress_runner.js:162140:16)\n    at Async../node_modules/bluebird/js/release/async.js.Async._drainQueues (http://localhost:39507/__cypress/runner/cypress_runner.js:162150:10)\n    at Async.drainQueues (http://localhost:39507/__cypress/runner/cypress_runner.js:162024:14)",
                "diff": null
              },
              "uuid": "38941c58-43ea-49e2-846a-896a45b91011",
              "parentUUID": "9116c632-16c8-43fd-ab8d-2a017b684c6b",
              "isHook": false,
              "skipped": false
            },
            {
              "title": "Verifica se a cor de fundo de cada elemento da paleta é a cor que o elemento representa. **A única cor não permitida na paleta é a cor branca.**",
              "fullTitle": "2 - Adicione à página uma paleta de quatro cores distintas. Verifica se a cor de fundo de cada elemento da paleta é a cor que o elemento representa. **A única cor não permitida na paleta é a cor branca.**",
              "timedOut": null,
              "duration": 4272,
              "state": "failed",
              "speed": null,
              "pass": false,
              "fail": true,
              "pending": false,
              "context": null,
              "code": "cy.get('.color').each(function (color) {\n  cy.wrap(color).should('have.class', 'color').and('not.have.css', 'background-color', WHITE);\n  cy.wrap(color).should('have.css', 'background-color');\n});",
              "err": {
                "message": "CypressError: Timed out retrying: expected '<div#borracha.color>' not to have CSS property 'background-color' with the value 'rgb(255, 255, 255)', but the value was 'rgb(255, 255, 255)'",
                "estack": "CypressError: Timed out retrying: expected '<div#borracha.color>' not to have CSS property 'background-color' with the value 'rgb(255, 255, 255)', but the value was 'rgb(255, 255, 255)'\n    at cypressErr (http://localhost:39507/__cypress/runner/cypress_runner.js:149934:9)\n    at throwErr (http://localhost:39507/__cypress/runner/cypress_runner.js:149867:11)\n    at Object.throwErrByPath (http://localhost:39507/__cypress/runner/cypress_runner.js:149915:3)\n    at retry (http://localhost:39507/__cypress/runner/cypress_runner.js:144197:19)\n    at onFailFn (http://localhost:39507/__cypress/runner/cypress_runner.js:132448:16)\n    at tryCatcher (http://localhost:39507/__cypress/runner/cypress_runner.js:167415:23)\n    at Promise._settlePromiseFromHandler (http://localhost:39507/__cypress/runner/cypress_runner.js:165351:31)\n    at Promise._settlePromise (http://localhost:39507/__cypress/runner/cypress_runner.js:165408:18)\n    at Promise._settlePromise0 (http://localhost:39507/__cypress/runner/cypress_runner.js:165453:10)\n    at Promise._settlePromises (http://localhost:39507/__cypress/runner/cypress_runner.js:165528:18)\n    at Async../node_modules/bluebird/js/release/async.js.Async._drainQueue (http://localhost:39507/__cypress/runner/cypress_runner.js:162140:16)\n    at Async../node_modules/bluebird/js/release/async.js.Async._drainQueues (http://localhost:39507/__cypress/runner/cypress_runner.js:162150:10)\n    at Async.drainQueues (http://localhost:39507/__cypress/runner/cypress_runner.js:162024:14)",
                "diff": null
              },
              "uuid": "06f758d5-f2e7-4351-8c8c-2c326812192f",
              "parentUUID": "9116c632-16c8-43fd-ab8d-2a017b684c6b",
              "isHook": false,
              "skipped": false
            },
            {
              "title": "Verifica se cada elemento da paleta de cores tem uma borda preta, sólida e com 1 pixel de largura;",
              "fullTitle": "2 - Adicione à página uma paleta de quatro cores distintas. Verifica se cada elemento da paleta de cores tem uma borda preta, sólida e com 1 pixel de largura;",
              "timedOut": null,
              "duration": 95,
              "state": "passed",
              "speed": "slow",
              "pass": true,
              "fail": false,
              "pending": false,
              "context": null,
              "code": "cy.get('.color').each(function (color) {\n  cy.wrap(color).and('have.css', 'border', \"1px solid \".concat(BLACK)).and('have.class', 'color');\n});",
              "err": {},
              "uuid": "89a70429-5d4a-448d-bd29-1b5524452323",
              "parentUUID": "9116c632-16c8-43fd-ab8d-2a017b684c6b",
              "isHook": false,
              "skipped": false
            },
            {
              "title": "Verifica se a paleta lista todas as cores disponíveis para utilização, lado a lado.",
              "fullTitle": "2 - Adicione à página uma paleta de quatro cores distintas. Verifica se a paleta lista todas as cores disponíveis para utilização, lado a lado.",
              "timedOut": null,
              "duration": 4258,
              "state": "failed",
              "speed": null,
              "pass": false,
              "fail": true,
              "pending": false,
              "context": null,
              "code": "cy.get('.color').then(function (colors) {\n  for (var index = 1; index < colors.length; index += 1) {\n    var currentColor = colors[index];\n    var previousColor = colors[index - 1];\n    cy.wrap(currentColor).should('be.onTheRightOf', previousColor).and('be.horizontallyAlignedWith', previousColor);\n  }\n});",
              "err": {
                "message": "CypressError: Timed out retrying: expected '<div#paleta2.color>' to be horizontally aligned with <div class=\"color selected\" id=\"paleta1\" style=\"background-color: black;\"></div>",
                "estack": "CypressError: Timed out retrying: expected '<div#paleta2.color>' to be horizontally aligned with <div class=\"color selected\" id=\"paleta1\" style=\"background-color: black;\"></div>\n    at cypressErr (http://localhost:39507/__cypress/runner/cypress_runner.js:149934:9)\n    at throwErr (http://localhost:39507/__cypress/runner/cypress_runner.js:149867:11)\n    at Object.throwErrByPath (http://localhost:39507/__cypress/runner/cypress_runner.js:149915:3)\n    at retry (http://localhost:39507/__cypress/runner/cypress_runner.js:144197:19)\n    at onFailFn (http://localhost:39507/__cypress/runner/cypress_runner.js:132448:16)\n    at tryCatcher (http://localhost:39507/__cypress/runner/cypress_runner.js:167415:23)\n    at Promise._settlePromiseFromHandler (http://localhost:39507/__cypress/runner/cypress_runner.js:165351:31)\n    at Promise._settlePromise (http://localhost:39507/__cypress/runner/cypress_runner.js:165408:18)\n    at Promise._settlePromise0 (http://localhost:39507/__cypress/runner/cypress_runner.js:165453:10)\n    at Promise._settlePromises (http://localhost:39507/__cypress/runner/cypress_runner.js:165528:18)\n    at Async../node_modules/bluebird/js/release/async.js.Async._drainQueue (http://localhost:39507/__cypress/runner/cypress_runner.js:162140:16)\n    at Async../node_modules/bluebird/js/release/async.js.Async._drainQueues (http://localhost:39507/__cypress/runner/cypress_runner.js:162150:10)\n    at Async.drainQueues (http://localhost:39507/__cypress/runner/cypress_runner.js:162024:14)",
                "diff": null
              },
              "uuid": "771fb6dd-75bd-44bc-aa22-5ed5d10a86dc",
              "parentUUID": "9116c632-16c8-43fd-ab8d-2a017b684c6b",
              "isHook": false,
              "skipped": false
            },
            {
              "title": "Verifica se a paleta de cores está posicionada abaixo do título 'Paleta de Cores'",
              "fullTitle": "2 - Adicione à página uma paleta de quatro cores distintas. Verifica se a paleta de cores está posicionada abaixo do título 'Paleta de Cores'",
              "timedOut": null,
              "duration": 95,
              "state": "passed",
              "speed": "slow",
              "pass": true,
              "fail": false,
              "pending": false,
              "context": null,
              "code": "cy.get('h1#title').then(function (title) {\n  cy.get('#color-palette').should('be.belowOf', title);\n});",
              "err": {},
              "uuid": "0104fe18-9d8c-48b2-9bc9-ef8fc699e466",
              "parentUUID": "9116c632-16c8-43fd-ab8d-2a017b684c6b",
              "isHook": false,
              "skipped": false
            },
            {
              "title": "Verifica se a paleta de cores não contém cores repetidas.",
              "fullTitle": "2 - Adicione à página uma paleta de quatro cores distintas. Verifica se a paleta de cores não contém cores repetidas.",
              "timedOut": null,
              "duration": 67,
              "state": "passed",
              "speed": "medium",
              "pass": true,
              "fail": false,
              "pending": false,
              "context": null,
              "code": "cy.get('.color').then(function (colors) {\n  var allColors = Array.from(colors).map(function (color) {\n    return Cypress.$(color).css('background-color');\n  });\n  cy.log(allColors);\n  var uniqColors = (0, _toConsumableArray2[\"default\"])(new Set(allColors));\n  cy.log(uniqColors);\n  expect(allColors.length).to.eq(uniqColors.length);\n});",
              "err": {},
              "uuid": "cdaabe46-2934-4d89-b646-5499d42a3d10",
              "parentUUID": "9116c632-16c8-43fd-ab8d-2a017b684c6b",
              "isHook": false,
              "skipped": false
            }
          ],
          "suites": [],
          "passes": [
            "5cf71d7d-b678-494b-bd04-6bc79bb7738f",
            "89a70429-5d4a-448d-bd29-1b5524452323",
            "0104fe18-9d8c-48b2-9bc9-ef8fc699e466",
            "cdaabe46-2934-4d89-b646-5499d42a3d10"
          ],
          "failures": [
            "38941c58-43ea-49e2-846a-896a45b91011",
            "06f758d5-f2e7-4351-8c8c-2c326812192f",
            "771fb6dd-75bd-44bc-aa22-5ed5d10a86dc"
          ],
          "pending": [],
          "skipped": [],
          "duration": 13028,
          "root": false,
          "rootEmpty": false,
          "_timeout": 2000
        },
        {
          "uuid": "5cdcf4af-2eea-4a36-a816-39d58f43c8df",
          "title": "3 - Adicione a cor **preta** como a primeira cor da paleta de cores.",
          "fullFile": "",
          "file": "",
          "beforeHooks": [],
          "afterHooks": [],
          "tests": [
            {
              "title": "Verifica se a primeira cor da paleta é preta",
              "fullTitle": "3 - Adicione a cor **preta** como a primeira cor da paleta de cores. Verifica se a primeira cor da paleta é preta",
              "timedOut": null,
              "duration": 60,
              "state": "passed",
              "speed": "medium",
              "pass": true,
              "fail": false,
              "pending": false,
              "context": null,
              "code": "cy.get('.color').first().should('have.css', 'background-color', BLACK);",
              "err": {},
              "uuid": "f7304f97-d7f5-41f4-ba81-b22b976125fc",
              "parentUUID": "5cdcf4af-2eea-4a36-a816-39d58f43c8df",
              "isHook": false,
              "skipped": false
            },
            {
              "title": "Verifica se as demais cores podem ser escolhidas livremente.",
              "fullTitle": "3 - Adicione a cor **preta** como a primeira cor da paleta de cores. Verifica se as demais cores podem ser escolhidas livremente.",
              "timedOut": null,
              "duration": 102,
              "state": "passed",
              "speed": "slow",
              "pass": true,
              "fail": false,
              "pending": false,
              "context": null,
              "code": "cy.get('.color').eq(1).should('not.have.css', 'background-color', BLACK);\ncy.get('.color').eq(1).should('not.have.css', 'background-color', WHITE);\ncy.get('.color').eq(1).should('not.have.css', 'background-color', 'rgba(0, 0, 0, 0)');\ncy.get('.color').eq(1).should('have.css', 'background-color');\ncy.get('.color').eq(2).should('not.have.css', 'background-color', BLACK);\ncy.get('.color').eq(2).should('not.have.css', 'background-color', WHITE);\ncy.get('.color').eq(2).should('not.have.css', 'background-color', 'rgba(0, 0, 0, 0)');\ncy.get('.color').eq(2).should('have.css', 'background-color');\ncy.get('.color').eq(3).should('not.have.css', 'background-color', BLACK);\ncy.get('.color').eq(3).should('not.have.css', 'background-color', WHITE);\ncy.get('.color').eq(3).should('not.have.css', 'background-color', 'rgba(0, 0, 0, 0)');\ncy.get('.color').eq(3).should('have.css', 'background-color');",
              "err": {},
              "uuid": "1ed40380-63b8-491a-b6e3-a23e3d7e0d89",
              "parentUUID": "5cdcf4af-2eea-4a36-a816-39d58f43c8df",
              "isHook": false,
              "skipped": false
            }
          ],
          "suites": [],
          "passes": [
            "f7304f97-d7f5-41f4-ba81-b22b976125fc",
            "1ed40380-63b8-491a-b6e3-a23e3d7e0d89"
          ],
          "failures": [],
          "pending": [],
          "skipped": [],
          "duration": 162,
          "root": false,
          "rootEmpty": false,
          "_timeout": 2000
        },
        {
          "uuid": "6cf2174c-88f8-467b-8db6-d26ca3e4ae19",
          "title": "4 - Adicione à página um quadro de pixels, com 25 pixels.",
          "fullFile": "",
          "file": "",
          "beforeHooks": [],
          "afterHooks": [],
          "tests": [
            {
              "title": "Verifica se o quadro de pixels possui o `id` denominado `pixel-board`",
              "fullTitle": "4 - Adicione à página um quadro de pixels, com 25 pixels. Verifica se o quadro de pixels possui o `id` denominado `pixel-board`",
              "timedOut": null,
              "duration": 77,
              "state": "passed",
              "speed": "slow",
              "pass": true,
              "fail": false,
              "pending": false,
              "context": null,
              "code": "cy.get('#pixel-board').should('be.visible');",
              "err": {},
              "uuid": "aa81a747-4bd3-415e-9d38-ebebf4ba5444",
              "parentUUID": "6cf2174c-88f8-467b-8db6-d26ca3e4ae19",
              "isHook": false,
              "skipped": false
            },
            {
              "title": "Verifica se cada pixel individual dentro do quadro possui a `classe` denominada `pixel`.",
              "fullTitle": "4 - Adicione à página um quadro de pixels, com 25 pixels. Verifica se cada pixel individual dentro do quadro possui a `classe` denominada `pixel`.",
              "timedOut": null,
              "duration": 94,
              "state": "passed",
              "speed": "slow",
              "pass": true,
              "fail": false,
              "pending": false,
              "context": null,
              "code": "cy.get('.pixel').should('have.length', 25);",
              "err": {},
              "uuid": "ffd99de9-970e-433e-836a-e8b00ce29cb8",
              "parentUUID": "6cf2174c-88f8-467b-8db6-d26ca3e4ae19",
              "isHook": false,
              "skipped": false
            },
            {
              "title": "Verifica se a cor inicial dos pixels dentro do quadro, ao abrir a página, é branca.",
              "fullTitle": "4 - Adicione à página um quadro de pixels, com 25 pixels. Verifica se a cor inicial dos pixels dentro do quadro, ao abrir a página, é branca.",
              "timedOut": null,
              "duration": 116,
              "state": "passed",
              "speed": "slow",
              "pass": true,
              "fail": false,
              "pending": false,
              "context": null,
              "code": "cy.get('.pixel').should('have.length', 25).each(function (pixel) {\n  expect(pixel).to.have.css('background-color', WHITE);\n});",
              "err": {},
              "uuid": "964f80fc-c4ce-4b81-b8cd-c13c9f362ac1",
              "parentUUID": "6cf2174c-88f8-467b-8db6-d26ca3e4ae19",
              "isHook": false,
              "skipped": false
            },
            {
              "title": "Verifica se o quadro de pixels aparece abaixo da paleta de cores",
              "fullTitle": "4 - Adicione à página um quadro de pixels, com 25 pixels. Verifica se o quadro de pixels aparece abaixo da paleta de cores",
              "timedOut": null,
              "duration": 66,
              "state": "passed",
              "speed": "medium",
              "pass": true,
              "fail": false,
              "pending": false,
              "context": null,
              "code": "cy.get('#color-palette').then(function (palette) {\n  cy.get('#pixel-board').should('be.belowOf', palette);\n});",
              "err": {},
              "uuid": "54cadf47-e45a-4d8b-b523-e4d8bc5c7d17",
              "parentUUID": "6cf2174c-88f8-467b-8db6-d26ca3e4ae19",
              "isHook": false,
              "skipped": false
            }
          ],
          "suites": [],
          "passes": [
            "aa81a747-4bd3-415e-9d38-ebebf4ba5444",
            "ffd99de9-970e-433e-836a-e8b00ce29cb8",
            "964f80fc-c4ce-4b81-b8cd-c13c9f362ac1",
            "54cadf47-e45a-4d8b-b523-e4d8bc5c7d17"
          ],
          "failures": [],
          "pending": [],
          "skipped": [],
          "duration": 353,
          "root": false,
          "rootEmpty": false,
          "_timeout": 2000
        },
        {
          "uuid": "7bebd7d1-b3a0-4f7d-ad63-4871fdd8fa12",
          "title": "5 - Faça com que cada elemento do quadro de pixels possua 40 pixels de largura, 40 pixels de altura e seja delimitado por uma borda preta de 1 pixel.",
          "fullFile": "",
          "file": "",
          "beforeHooks": [],
          "afterHooks": [],
          "tests": [
            {
              "title": "Verifica se o quadro de pixels tem altura e comprimento de 5 elementos",
              "fullTitle": "5 - Faça com que cada elemento do quadro de pixels possua 40 pixels de largura, 40 pixels de altura e seja delimitado por uma borda preta de 1 pixel. Verifica se o quadro de pixels tem altura e comprimento de 5 elementos",
              "timedOut": null,
              "duration": 158,
              "state": "passed",
              "speed": "slow",
              "pass": true,
              "fail": false,
              "pending": false,
              "context": null,
              "code": "cy.get('.pixel').should('have.length', 25).each(function (pixel) {\n  expect(pixel).to.have.css('background-color', WHITE);\n}).and(function (pixels) {\n  var rows = chunk(pixels, 5);\n  rows.forEach(function (row) {\n    for (var index = 1; index < row.length; index += 1) {\n      var current = pixels[index];\n      var previous = pixels[index - 1];\n      cy.wrap(current).should('be.onTheRightOf', previous).and('be.horizontallyAlignedWith', previous);\n    }\n  });\n  for (var index = 1; index < 5; index += 1) {\n    expect(pixels[index * 5]).to.be.belowOf(pixels[(index - 1) * 5]);\n  }\n});",
              "err": {},
              "uuid": "c62d9356-3411-44d6-80a6-4533bda5bb0c",
              "parentUUID": "7bebd7d1-b3a0-4f7d-ad63-4871fdd8fa12",
              "isHook": false,
              "skipped": false
            },
            {
              "title": "Verifica se 40 pixels é o tamanho total do elemento, incluindo seu conteúdo e excluindo a borda preta, que deve ser criada à parte.",
              "fullTitle": "5 - Faça com que cada elemento do quadro de pixels possua 40 pixels de largura, 40 pixels de altura e seja delimitado por uma borda preta de 1 pixel. Verifica se 40 pixels é o tamanho total do elemento, incluindo seu conteúdo e excluindo a borda preta, que deve ser criada à parte.",
              "timedOut": null,
              "duration": 158,
              "state": "passed",
              "speed": "slow",
              "pass": true,
              "fail": false,
              "pending": false,
              "context": null,
              "code": "cy.get('.pixel').each(function (pixel) {\n  cy.wrap(pixel).should('have.css', 'height', '40px').and('have.css', 'width', '40px').and('have.css', 'border', \"1px solid \".concat(BLACK));\n});",
              "err": {},
              "uuid": "61ffcf36-1a1d-4d2a-a1ae-3e581cbd40e3",
              "parentUUID": "7bebd7d1-b3a0-4f7d-ad63-4871fdd8fa12",
              "isHook": false,
              "skipped": false
            }
          ],
          "suites": [],
          "passes": [
            "c62d9356-3411-44d6-80a6-4533bda5bb0c",
            "61ffcf36-1a1d-4d2a-a1ae-3e581cbd40e3"
          ],
          "failures": [],
          "pending": [],
          "skipped": [],
          "duration": 316,
          "root": false,
          "rootEmpty": false,
          "_timeout": 2000
        },
        {
          "uuid": "618db032-89d2-47b6-bead-4a201983a94e",
          "title": "6 - Defina a cor preta como cor inicial. Ao carregar a página a cor preta já deve estar selecionada para pintar os pixels",
          "fullFile": "",
          "file": "",
          "beforeHooks": [],
          "afterHooks": [],
          "tests": [
            {
              "title": "Verifica se o elemento da cor preta possui, inicialmente, a `classe` `selected`",
              "fullTitle": "6 - Defina a cor preta como cor inicial. Ao carregar a página a cor preta já deve estar selecionada para pintar os pixels Verifica se o elemento da cor preta possui, inicialmente, a `classe` `selected`",
              "timedOut": null,
              "duration": 75,
              "state": "passed",
              "speed": "medium",
              "pass": true,
              "fail": false,
              "pending": false,
              "context": null,
              "code": "cy.get('.selected').first().should('have.css', 'background-color', BLACK);",
              "err": {},
              "uuid": "0480fb35-ef33-4eaa-852e-02eeee3c0d6f",
              "parentUUID": "618db032-89d2-47b6-bead-4a201983a94e",
              "isHook": false,
              "skipped": false
            },
            {
              "title": "Verifica se nenhuma outra cor da paleta tem a `classe` `selected`",
              "fullTitle": "6 - Defina a cor preta como cor inicial. Ao carregar a página a cor preta já deve estar selecionada para pintar os pixels Verifica se nenhuma outra cor da paleta tem a `classe` `selected`",
              "timedOut": null,
              "duration": 97,
              "state": "passed",
              "speed": "slow",
              "pass": true,
              "fail": false,
              "pending": false,
              "context": null,
              "code": "cy.get('.color:not(:first-child)').each(function (color) {\n  cy.wrap(color).should('not.have.class', 'selected');\n});",
              "err": {},
              "uuid": "990b54cd-cbf6-4cb3-9f33-54f345258e87",
              "parentUUID": "618db032-89d2-47b6-bead-4a201983a94e",
              "isHook": false,
              "skipped": false
            }
          ],
          "suites": [],
          "passes": [
            "0480fb35-ef33-4eaa-852e-02eeee3c0d6f",
            "990b54cd-cbf6-4cb3-9f33-54f345258e87"
          ],
          "failures": [],
          "pending": [],
          "skipped": [],
          "duration": 172,
          "root": false,
          "rootEmpty": false,
          "_timeout": 2000
        },
        {
          "uuid": "e6c14f8f-3195-43a1-94b3-e8b31c347731",
          "title": "7 - Clicar em uma das cores da paleta, faz com que ela seja selecionada e utilizada para preencher os pixels no quadro.",
          "fullFile": "",
          "file": "",
          "beforeHooks": [],
          "afterHooks": [],
          "tests": [
            {
              "title": "Verifica se somente uma cor da paleta de cores tem a classe `selected` de cada vez",
              "fullTitle": "7 - Clicar em uma das cores da paleta, faz com que ela seja selecionada e utilizada para preencher os pixels no quadro. Verifica se somente uma cor da paleta de cores tem a classe `selected` de cada vez",
              "timedOut": null,
              "duration": 640,
              "state": "passed",
              "speed": "slow",
              "pass": true,
              "fail": false,
              "pending": false,
              "context": null,
              "code": "cy.get('.color').each(function (selectedColor, selectedColorIndex) {\n  cy.wrap(selectedColor).click();\n  cy.get('.color').each(function (color, colorIndex) {\n    if (colorIndex === selectedColorIndex) {\n      expect(color).to.have[\"class\"]('selected');\n    } else {\n      expect(color).not.to.have[\"class\"]('selected');\n    }\n  });\n});",
              "err": {},
              "uuid": "f7d00f7b-f7c4-4f29-a9d0-028e5a540fcc",
              "parentUUID": "e6c14f8f-3195-43a1-94b3-e8b31c347731",
              "isHook": false,
              "skipped": false
            },
            {
              "title": "Verifica se os pixels dentro do quadro não têm a classe `selected` quando são clicados",
              "fullTitle": "7 - Clicar em uma das cores da paleta, faz com que ela seja selecionada e utilizada para preencher os pixels no quadro. Verifica se os pixels dentro do quadro não têm a classe `selected` quando são clicados",
              "timedOut": null,
              "duration": 10797,
              "state": "passed",
              "speed": "slow",
              "pass": true,
              "fail": false,
              "pending": false,
              "context": null,
              "code": "cy.get('.color').each(function (color) {\n  var backgroundColor = color.css('background-color');\n  cy.wrap(color).click();\n  cy.get('.pixel').each(function (pixel) {\n    cy.wrap(pixel).click().should('not.have.class', 'selected');\n  });\n});",
              "err": {},
              "uuid": "53115017-0797-4cd2-9433-ec765080bb64",
              "parentUUID": "e6c14f8f-3195-43a1-94b3-e8b31c347731",
              "isHook": false,
              "skipped": false
            }
          ],
          "suites": [],
          "passes": [
            "f7d00f7b-f7c4-4f29-a9d0-028e5a540fcc",
            "53115017-0797-4cd2-9433-ec765080bb64"
          ],
          "failures": [],
          "pending": [],
          "skipped": [],
          "duration": 11437,
          "root": false,
          "rootEmpty": false,
          "_timeout": 2000
        },
        {
          "uuid": "0576de8d-6ec1-4322-b989-8475b30b9992",
          "title": "8 - Clicar em um pixel dentro do quadro após selecionar uma cor na paleta, faz com que o pixel seja preenchido com a cor selecionada.",
          "fullFile": "",
          "file": "",
          "beforeHooks": [],
          "afterHooks": [],
          "tests": [
            {
              "title": "Verifica se ao carregar a página deve ser possível pintar os pixels de preto",
              "fullTitle": "8 - Clicar em um pixel dentro do quadro após selecionar uma cor na paleta, faz com que o pixel seja preenchido com a cor selecionada. Verifica se ao carregar a página deve ser possível pintar os pixels de preto",
              "timedOut": null,
              "duration": 2141,
              "state": "passed",
              "speed": "slow",
              "pass": true,
              "fail": false,
              "pending": false,
              "context": null,
              "code": "cy.get('.pixel').each(function (pixel) {\n  cy.wrap(pixel).click().should('have.css', 'background-color', BLACK);\n});",
              "err": {},
              "uuid": "721b570e-9146-45bc-89be-f322c2598cd4",
              "parentUUID": "0576de8d-6ec1-4322-b989-8475b30b9992",
              "isHook": false,
              "skipped": false
            },
            {
              "title": "Verifica se após selecionar uma outra cor na paleta, é possível pintar os pixels com essa cor",
              "fullTitle": "8 - Clicar em um pixel dentro do quadro após selecionar uma cor na paleta, faz com que o pixel seja preenchido com a cor selecionada. Verifica se após selecionar uma outra cor na paleta, é possível pintar os pixels com essa cor",
              "timedOut": null,
              "duration": 10998,
              "state": "passed",
              "speed": "slow",
              "pass": true,
              "fail": false,
              "pending": false,
              "context": null,
              "code": "cy.get('.color').each(function (color) {\n  var backgroundColor = color.css('background-color');\n  cy.wrap(color).click();\n  cy.get('.pixel').each(function (pixel) {\n    cy.wrap(pixel).click().should('have.css', 'background-color', backgroundColor);\n  });\n});",
              "err": {},
              "uuid": "531eb908-45f2-43cb-9acc-cfce0417b6f6",
              "parentUUID": "0576de8d-6ec1-4322-b989-8475b30b9992",
              "isHook": false,
              "skipped": false
            },
            {
              "title": "Verifica se somente o pixel que foi clicado foi preenchido com a cor selecionada, sem influenciar na cor dos demais pixels.",
              "fullTitle": "8 - Clicar em um pixel dentro do quadro após selecionar uma cor na paleta, faz com que o pixel seja preenchido com a cor selecionada. Verifica se somente o pixel que foi clicado foi preenchido com a cor selecionada, sem influenciar na cor dos demais pixels.",
              "timedOut": null,
              "duration": 4425,
              "state": "failed",
              "speed": null,
              "pass": false,
              "fail": true,
              "pending": false,
              "context": null,
              "code": "var colorToPixelIndexMap = {\n  0: 6,\n  1: 8,\n  2: 16,\n  3: 18\n};\ncy.get('.color').each(function (color, index) {\n  cy.wrap(color).click();\n  var backgroundColor = color.css('background-color');\n  var clickedPixelIndex = colorToPixelIndexMap[index];\n  cy.get('.pixel').eq(clickedPixelIndex).click();\n  cy.get('.pixel').eq(clickedPixelIndex - 1).should('not.have.css', 'background-color', backgroundColor);\n  cy.get('.pixel').eq(clickedPixelIndex + 1).should('not.have.css', 'background-color', backgroundColor);\n  cy.get('.pixel').eq(clickedPixelIndex - 5).should('not.have.css', 'background-color', backgroundColor);\n  cy.get('.pixel').eq(clickedPixelIndex + 5).should('not.have.css', 'background-color', backgroundColor);\n  cy.get('.pixel').eq(clickedPixelIndex - 6).should('not.have.css', 'background-color', backgroundColor);\n  cy.get('.pixel').eq(clickedPixelIndex - 4).should('not.have.css', 'background-color', backgroundColor);\n  cy.get('.pixel').eq(clickedPixelIndex + 4).should('not.have.css', 'background-color', backgroundColor);\n  cy.get('.pixel').eq(clickedPixelIndex + 6).should('not.have.css', 'background-color', backgroundColor);\n});",
              "err": {
                "message": "CypressError: Timed out retrying: expected '<div#5.pixel>' not to have CSS property 'background-color' with the value 'rgb(0, 0, 0)', but the value was 'rgb(0, 0, 0)'",
                "estack": "CypressError: Timed out retrying: expected '<div#5.pixel>' not to have CSS property 'background-color' with the value 'rgb(0, 0, 0)', but the value was 'rgb(0, 0, 0)'\n    at cypressErr (http://localhost:39507/__cypress/runner/cypress_runner.js:149934:9)\n    at throwErr (http://localhost:39507/__cypress/runner/cypress_runner.js:149867:11)\n    at Object.throwErrByPath (http://localhost:39507/__cypress/runner/cypress_runner.js:149915:3)\n    at retry (http://localhost:39507/__cypress/runner/cypress_runner.js:144197:19)\n    at onFailFn (http://localhost:39507/__cypress/runner/cypress_runner.js:132448:16)\n    at tryCatcher (http://localhost:39507/__cypress/runner/cypress_runner.js:167415:23)\n    at Promise._settlePromiseFromHandler (http://localhost:39507/__cypress/runner/cypress_runner.js:165351:31)\n    at Promise._settlePromise (http://localhost:39507/__cypress/runner/cypress_runner.js:165408:18)\n    at Promise._settlePromise0 (http://localhost:39507/__cypress/runner/cypress_runner.js:165453:10)\n    at Promise._settlePromises (http://localhost:39507/__cypress/runner/cypress_runner.js:165528:18)\n    at Async../node_modules/bluebird/js/release/async.js.Async._drainQueue (http://localhost:39507/__cypress/runner/cypress_runner.js:162140:16)\n    at Async../node_modules/bluebird/js/release/async.js.Async._drainQueues (http://localhost:39507/__cypress/runner/cypress_runner.js:162150:10)\n    at Async.drainQueues (http://localhost:39507/__cypress/runner/cypress_runner.js:162024:14)",
                "diff": null
              },
              "uuid": "bb1c624d-4de5-45f8-b28d-276d64b70af6",
              "parentUUID": "0576de8d-6ec1-4322-b989-8475b30b9992",
              "isHook": false,
              "skipped": false
            }
          ],
          "suites": [],
          "passes": [
            "721b570e-9146-45bc-89be-f322c2598cd4",
            "531eb908-45f2-43cb-9acc-cfce0417b6f6"
          ],
          "failures": [
            "bb1c624d-4de5-45f8-b28d-276d64b70af6"
          ],
          "pending": [],
          "skipped": [],
          "duration": 17564,
          "root": false,
          "rootEmpty": false,
          "_timeout": 2000
        },
        {
          "uuid": "f79cdf23-dd75-4f67-93c9-ba81030406df",
          "title": "9 - Crie um botão que, ao ser clicado, limpa o quadro preenchendo a cor de todos seus pixels com branco.",
          "fullFile": "",
          "file": "",
          "beforeHooks": [],
          "afterHooks": [],
          "tests": [
            {
              "title": "Verifica se o botão tem o `id` denominado `clear-board`",
              "fullTitle": "9 - Crie um botão que, ao ser clicado, limpa o quadro preenchendo a cor de todos seus pixels com branco. Verifica se o botão tem o `id` denominado `clear-board`",
              "timedOut": null,
              "duration": 105,
              "state": "passed",
              "speed": "slow",
              "pass": true,
              "fail": false,
              "pending": false,
              "context": null,
              "code": "cy.get('#clear-board').should('be.visible');",
              "err": {},
              "uuid": "df8e8b65-b866-41b6-9565-72d04da1b1c0",
              "parentUUID": "f79cdf23-dd75-4f67-93c9-ba81030406df",
              "isHook": false,
              "skipped": false
            },
            {
              "title": "Verifica se o botão está posicionado entre a paleta de cores e o quadro de pixels",
              "fullTitle": "9 - Crie um botão que, ao ser clicado, limpa o quadro preenchendo a cor de todos seus pixels com branco. Verifica se o botão está posicionado entre a paleta de cores e o quadro de pixels",
              "timedOut": null,
              "duration": 98,
              "state": "passed",
              "speed": "slow",
              "pass": true,
              "fail": false,
              "pending": false,
              "context": null,
              "code": "cy.get('#color-palette').then(function (palette) {\n  cy.get('#clear-board').should('be.belowOf', palette);\n});\ncy.get('#clear-board').then(function (clearBtn) {\n  cy.get('#pixel-board').should('be.belowOf', clearBtn);\n});",
              "err": {},
              "uuid": "a8c1ac09-8832-4d98-a058-f797e8f92f7c",
              "parentUUID": "f79cdf23-dd75-4f67-93c9-ba81030406df",
              "isHook": false,
              "skipped": false
            },
            {
              "title": "Verifica se o texto do botão é 'Limpar'",
              "fullTitle": "9 - Crie um botão que, ao ser clicado, limpa o quadro preenchendo a cor de todos seus pixels com branco. Verifica se o texto do botão é 'Limpar'",
              "timedOut": null,
              "duration": 95,
              "state": "passed",
              "speed": "slow",
              "pass": true,
              "fail": false,
              "pending": false,
              "context": null,
              "code": "cy.get('#clear-board').should('contain.text', 'Limpar');",
              "err": {},
              "uuid": "23c12d9f-34c8-426e-8e4d-5a2fb5608b3f",
              "parentUUID": "f79cdf23-dd75-4f67-93c9-ba81030406df",
              "isHook": false,
              "skipped": false
            },
            {
              "title": "Verifica se ao clicar no botão, o quadro de pixels é totalmente preenchido de branco",
              "fullTitle": "9 - Crie um botão que, ao ser clicado, limpa o quadro preenchendo a cor de todos seus pixels com branco. Verifica se ao clicar no botão, o quadro de pixels é totalmente preenchido de branco",
              "timedOut": null,
              "duration": 2444,
              "state": "passed",
              "speed": "slow",
              "pass": true,
              "fail": false,
              "pending": false,
              "context": null,
              "code": "cy.get('.color').eq(1).then(function (color) {\n  var backgroundColor = color.css('background-color');\n  cy.wrap(color).click();\n  cy.get('.pixel').each(function (pixel) {\n    cy.wrap(pixel).click().should('have.css', 'background-color', backgroundColor);\n  });\n});\ncy.get('#clear-board').click();\ncy.get('.pixel').each(function (pixel) {\n  cy.wrap(pixel).should('have.css', 'background-color', WHITE);\n});",
              "err": {},
              "uuid": "967d0dac-eb16-46bd-a5be-d5ad0a7cf6aa",
              "parentUUID": "f79cdf23-dd75-4f67-93c9-ba81030406df",
              "isHook": false,
              "skipped": false
            }
          ],
          "suites": [],
          "passes": [
            "df8e8b65-b866-41b6-9565-72d04da1b1c0",
            "a8c1ac09-8832-4d98-a058-f797e8f92f7c",
            "23c12d9f-34c8-426e-8e4d-5a2fb5608b3f",
            "967d0dac-eb16-46bd-a5be-d5ad0a7cf6aa"
          ],
          "failures": [],
          "pending": [],
          "skipped": [],
          "duration": 2742,
          "root": false,
          "rootEmpty": false,
          "_timeout": 2000
        },
        {
          "uuid": "c0dc4df8-5d30-4914-878a-ac2077837700",
          "title": "10 - Faça o quadro de pixels ter seu tamanho definido pelo usuário.",
          "fullFile": "",
          "file": "",
          "beforeHooks": [],
          "afterHooks": [],
          "tests": [
            {
              "title": "Verifica se existe um input com o id `board-size`",
              "fullTitle": "10 - Faça o quadro de pixels ter seu tamanho definido pelo usuário. Verifica se existe um input com o id `board-size`",
              "timedOut": null,
              "duration": 4231,
              "state": "failed",
              "speed": null,
              "pass": false,
              "fail": true,
              "pending": false,
              "context": null,
              "code": "cy.get('#board-size').should('be.visible');",
              "err": {
                "message": "CypressError: Timed out retrying: Expected to find element: '#board-size', but never found it.",
                "estack": "CypressError: Timed out retrying: Expected to find element: '#board-size', but never found it.\n    at cypressErr (http://localhost:39507/__cypress/runner/cypress_runner.js:149934:9)\n    at throwErr (http://localhost:39507/__cypress/runner/cypress_runner.js:149867:11)\n    at Object.throwErrByPath (http://localhost:39507/__cypress/runner/cypress_runner.js:149915:3)\n    at retry (http://localhost:39507/__cypress/runner/cypress_runner.js:144197:19)\n    at onFailFn (http://localhost:39507/__cypress/runner/cypress_runner.js:132448:16)\n    at tryCatcher (http://localhost:39507/__cypress/runner/cypress_runner.js:167415:23)\n    at Promise._settlePromiseFromHandler (http://localhost:39507/__cypress/runner/cypress_runner.js:165351:31)\n    at Promise._settlePromise (http://localhost:39507/__cypress/runner/cypress_runner.js:165408:18)\n    at Promise._settlePromise0 (http://localhost:39507/__cypress/runner/cypress_runner.js:165453:10)\n    at Promise._settlePromises (http://localhost:39507/__cypress/runner/cypress_runner.js:165528:18)\n    at Async../node_modules/bluebird/js/release/async.js.Async._drainQueue (http://localhost:39507/__cypress/runner/cypress_runner.js:162140:16)\n    at Async../node_modules/bluebird/js/release/async.js.Async._drainQueues (http://localhost:39507/__cypress/runner/cypress_runner.js:162150:10)\n    at Async.drainQueues (http://localhost:39507/__cypress/runner/cypress_runner.js:162024:14)",
                "diff": null
              },
              "uuid": "ec3aebeb-d387-45c1-8a8c-aa3443801d01",
              "parentUUID": "c0dc4df8-5d30-4914-878a-ac2077837700",
              "isHook": false,
              "skipped": false
            },
            {
              "title": "Verifica se existe um botão com o id `generate-board`",
              "fullTitle": "10 - Faça o quadro de pixels ter seu tamanho definido pelo usuário. Verifica se existe um botão com o id `generate-board`",
              "timedOut": null,
              "duration": 4267,
              "state": "failed",
              "speed": null,
              "pass": false,
              "fail": true,
              "pending": false,
              "context": null,
              "code": "cy.get('#generate-board').should('be.visible');",
              "err": {
                "message": "CypressError: Timed out retrying: Expected to find element: '#generate-board', but never found it.",
                "estack": "CypressError: Timed out retrying: Expected to find element: '#generate-board', but never found it.\n    at cypressErr (http://localhost:39507/__cypress/runner/cypress_runner.js:149934:9)\n    at throwErr (http://localhost:39507/__cypress/runner/cypress_runner.js:149867:11)\n    at Object.throwErrByPath (http://localhost:39507/__cypress/runner/cypress_runner.js:149915:3)\n    at retry (http://localhost:39507/__cypress/runner/cypress_runner.js:144197:19)\n    at onFailFn (http://localhost:39507/__cypress/runner/cypress_runner.js:132448:16)\n    at tryCatcher (http://localhost:39507/__cypress/runner/cypress_runner.js:167415:23)\n    at Promise._settlePromiseFromHandler (http://localhost:39507/__cypress/runner/cypress_runner.js:165351:31)\n    at Promise._settlePromise (http://localhost:39507/__cypress/runner/cypress_runner.js:165408:18)\n    at Promise._settlePromise0 (http://localhost:39507/__cypress/runner/cypress_runner.js:165453:10)\n    at Promise._settlePromises (http://localhost:39507/__cypress/runner/cypress_runner.js:165528:18)\n    at Async../node_modules/bluebird/js/release/async.js.Async._drainQueue (http://localhost:39507/__cypress/runner/cypress_runner.js:162140:16)\n    at Async../node_modules/bluebird/js/release/async.js.Async._drainQueues (http://localhost:39507/__cypress/runner/cypress_runner.js:162150:10)\n    at Async.drainQueues (http://localhost:39507/__cypress/runner/cypress_runner.js:162024:14)",
                "diff": null
              },
              "uuid": "31a43720-a7c7-4758-9ae3-ef5601821849",
              "parentUUID": "c0dc4df8-5d30-4914-878a-ac2077837700",
              "isHook": false,
              "skipped": false
            },
            {
              "title": "Verifica se o input só aceita número maiores que zero. Essa restrição deve ser feita usando os atributos do elemento `input`",
              "fullTitle": "10 - Faça o quadro de pixels ter seu tamanho definido pelo usuário. Verifica se o input só aceita número maiores que zero. Essa restrição deve ser feita usando os atributos do elemento `input`",
              "timedOut": null,
              "duration": 4250,
              "state": "failed",
              "speed": null,
              "pass": false,
              "fail": true,
              "pending": false,
              "context": null,
              "code": "cy.get('#board-size[type=\\'number\\'][min=\\'1\\']');",
              "err": {
                "message": "CypressError: Timed out retrying: Expected to find element: '#board-size[type='number'][min='1']', but never found it.",
                "estack": "CypressError: Timed out retrying: Expected to find element: '#board-size[type='number'][min='1']', but never found it.\n    at cypressErr (http://localhost:39507/__cypress/runner/cypress_runner.js:149934:9)\n    at throwErr (http://localhost:39507/__cypress/runner/cypress_runner.js:149867:11)\n    at Object.throwErrByPath (http://localhost:39507/__cypress/runner/cypress_runner.js:149915:3)\n    at retry (http://localhost:39507/__cypress/runner/cypress_runner.js:144197:19)\n    at onFailFn (http://localhost:39507/__cypress/runner/cypress_runner.js:132448:16)\n    at tryCatcher (http://localhost:39507/__cypress/runner/cypress_runner.js:167415:23)\n    at Promise._settlePromiseFromHandler (http://localhost:39507/__cypress/runner/cypress_runner.js:165351:31)\n    at Promise._settlePromise (http://localhost:39507/__cypress/runner/cypress_runner.js:165408:18)\n    at Promise._settlePromise0 (http://localhost:39507/__cypress/runner/cypress_runner.js:165453:10)\n    at Promise._settlePromises (http://localhost:39507/__cypress/runner/cypress_runner.js:165528:18)\n    at Async../node_modules/bluebird/js/release/async.js.Async._drainQueue (http://localhost:39507/__cypress/runner/cypress_runner.js:162140:16)\n    at Async../node_modules/bluebird/js/release/async.js.Async._drainQueues (http://localhost:39507/__cypress/runner/cypress_runner.js:162150:10)\n    at Async.drainQueues (http://localhost:39507/__cypress/runner/cypress_runner.js:162024:14)",
                "diff": null
              },
              "uuid": "2dc2571d-bfe9-4264-b241-a04bac9a8f93",
              "parentUUID": "c0dc4df8-5d30-4914-878a-ac2077837700",
              "isHook": false,
              "skipped": false
            },
            {
              "title": "Verifica se o botão contém o texto 'VQV'",
              "fullTitle": "10 - Faça o quadro de pixels ter seu tamanho definido pelo usuário. Verifica se o botão contém o texto 'VQV'",
              "timedOut": null,
              "duration": 4316,
              "state": "failed",
              "speed": null,
              "pass": false,
              "fail": true,
              "pending": false,
              "context": null,
              "code": "cy.get('#generate-board').contains(/vqv/i);",
              "err": {
                "message": "CypressError: Timed out retrying: Expected to find element: '#generate-board', but never found it.",
                "estack": "CypressError: Timed out retrying: Expected to find element: '#generate-board', but never found it.\n    at cypressErr (http://localhost:39507/__cypress/runner/cypress_runner.js:149934:9)\n    at throwErr (http://localhost:39507/__cypress/runner/cypress_runner.js:149867:11)\n    at Object.throwErrByPath (http://localhost:39507/__cypress/runner/cypress_runner.js:149915:3)\n    at retry (http://localhost:39507/__cypress/runner/cypress_runner.js:144197:19)\n    at onFailFn (http://localhost:39507/__cypress/runner/cypress_runner.js:132448:16)\n    at tryCatcher (http://localhost:39507/__cypress/runner/cypress_runner.js:167415:23)\n    at Promise._settlePromiseFromHandler (http://localhost:39507/__cypress/runner/cypress_runner.js:165351:31)\n    at Promise._settlePromise (http://localhost:39507/__cypress/runner/cypress_runner.js:165408:18)\n    at Promise._settlePromise0 (http://localhost:39507/__cypress/runner/cypress_runner.js:165453:10)\n    at Promise._settlePromises (http://localhost:39507/__cypress/runner/cypress_runner.js:165528:18)\n    at Async../node_modules/bluebird/js/release/async.js.Async._drainQueue (http://localhost:39507/__cypress/runner/cypress_runner.js:162140:16)\n    at Async../node_modules/bluebird/js/release/async.js.Async._drainQueues (http://localhost:39507/__cypress/runner/cypress_runner.js:162150:10)\n    at Async.drainQueues (http://localhost:39507/__cypress/runner/cypress_runner.js:162024:14)",
                "diff": null
              },
              "uuid": "133fe9a7-d1af-4501-9e39-3a5339a7161c",
              "parentUUID": "c0dc4df8-5d30-4914-878a-ac2077837700",
              "isHook": false,
              "skipped": false
            },
            {
              "title": "Verifica se o input está posicionado entre a paleta de cores e o quadro de pixels",
              "fullTitle": "10 - Faça o quadro de pixels ter seu tamanho definido pelo usuário. Verifica se o input está posicionado entre a paleta de cores e o quadro de pixels",
              "timedOut": null,
              "duration": 4187,
              "state": "failed",
              "speed": null,
              "pass": false,
              "fail": true,
              "pending": false,
              "context": null,
              "code": "cy.get('#color-palette').then(function (palette) {\n  cy.get('#board-size').should('be.belowOf', palette);\n});\ncy.get('#board-size').then(function (palette) {\n  cy.get('#pixel-board').should('be.belowOf', palette);\n});",
              "err": {
                "message": "CypressError: Timed out retrying: Expected to find element: '#board-size', but never found it.",
                "estack": "CypressError: Timed out retrying: Expected to find element: '#board-size', but never found it.\n    at cypressErr (http://localhost:39507/__cypress/runner/cypress_runner.js:149934:9)\n    at throwErr (http://localhost:39507/__cypress/runner/cypress_runner.js:149867:11)\n    at Object.throwErrByPath (http://localhost:39507/__cypress/runner/cypress_runner.js:149915:3)\n    at retry (http://localhost:39507/__cypress/runner/cypress_runner.js:144197:19)\n    at onFailFn (http://localhost:39507/__cypress/runner/cypress_runner.js:132448:16)\n    at tryCatcher (http://localhost:39507/__cypress/runner/cypress_runner.js:167415:23)\n    at Promise._settlePromiseFromHandler (http://localhost:39507/__cypress/runner/cypress_runner.js:165351:31)\n    at Promise._settlePromise (http://localhost:39507/__cypress/runner/cypress_runner.js:165408:18)\n    at Promise._settlePromise0 (http://localhost:39507/__cypress/runner/cypress_runner.js:165453:10)\n    at Promise._settlePromises (http://localhost:39507/__cypress/runner/cypress_runner.js:165528:18)\n    at Async../node_modules/bluebird/js/release/async.js.Async._drainQueue (http://localhost:39507/__cypress/runner/cypress_runner.js:162140:16)\n    at Async../node_modules/bluebird/js/release/async.js.Async._drainQueues (http://localhost:39507/__cypress/runner/cypress_runner.js:162150:10)\n    at Async.drainQueues (http://localhost:39507/__cypress/runner/cypress_runner.js:162024:14)",
                "diff": null
              },
              "uuid": "23d25d54-c2ef-41ed-8724-db1f3621acbc",
              "parentUUID": "c0dc4df8-5d30-4914-878a-ac2077837700",
              "isHook": false,
              "skipped": false
            },
            {
              "title": "Verifica se o botão está posicionado ao lado do input",
              "fullTitle": "10 - Faça o quadro de pixels ter seu tamanho definido pelo usuário. Verifica se o botão está posicionado ao lado do input",
              "timedOut": null,
              "duration": 4251,
              "state": "failed",
              "speed": null,
              "pass": false,
              "fail": true,
              "pending": false,
              "context": null,
              "code": "cy.get('#board-size').then(function (board) {\n  cy.get('#generate-board').should('be.onTheRightOf', board);\n});",
              "err": {
                "message": "CypressError: Timed out retrying: Expected to find element: '#board-size', but never found it.",
                "estack": "CypressError: Timed out retrying: Expected to find element: '#board-size', but never found it.\n    at cypressErr (http://localhost:39507/__cypress/runner/cypress_runner.js:149934:9)\n    at throwErr (http://localhost:39507/__cypress/runner/cypress_runner.js:149867:11)\n    at Object.throwErrByPath (http://localhost:39507/__cypress/runner/cypress_runner.js:149915:3)\n    at retry (http://localhost:39507/__cypress/runner/cypress_runner.js:144197:19)\n    at onFailFn (http://localhost:39507/__cypress/runner/cypress_runner.js:132448:16)\n    at tryCatcher (http://localhost:39507/__cypress/runner/cypress_runner.js:167415:23)\n    at Promise._settlePromiseFromHandler (http://localhost:39507/__cypress/runner/cypress_runner.js:165351:31)\n    at Promise._settlePromise (http://localhost:39507/__cypress/runner/cypress_runner.js:165408:18)\n    at Promise._settlePromise0 (http://localhost:39507/__cypress/runner/cypress_runner.js:165453:10)\n    at Promise._settlePromises (http://localhost:39507/__cypress/runner/cypress_runner.js:165528:18)\n    at Async../node_modules/bluebird/js/release/async.js.Async._drainQueue (http://localhost:39507/__cypress/runner/cypress_runner.js:162140:16)\n    at Async../node_modules/bluebird/js/release/async.js.Async._drainQueues (http://localhost:39507/__cypress/runner/cypress_runner.js:162150:10)\n    at Async.drainQueues (http://localhost:39507/__cypress/runner/cypress_runner.js:162024:14)",
                "diff": null
              },
              "uuid": "bcf27379-ed8d-408c-82c6-0d0e5ba7935e",
              "parentUUID": "c0dc4df8-5d30-4914-878a-ac2077837700",
              "isHook": false,
              "skipped": false
            },
            {
              "title": "Verifica se nenhum valor for colocado no input ao clicar no botão, um `alert` é exibido com o texto: 'Board inválido!'",
              "fullTitle": "10 - Faça o quadro de pixels ter seu tamanho definido pelo usuário. Verifica se nenhum valor for colocado no input ao clicar no botão, um `alert` é exibido com o texto: 'Board inválido!'",
              "timedOut": null,
              "duration": 4289,
              "state": "failed",
              "speed": null,
              "pass": false,
              "fail": true,
              "pending": false,
              "context": null,
              "code": "var alerted = false;\ncy.on('window:alert', function (msg) {\n  return alerted = msg;\n});\ncy.get('#generate-board').click().then(function () {\n  return expect(alerted).to.match(/Board inválido!/i);\n});",
              "err": {
                "message": "CypressError: Timed out retrying: Expected to find element: '#generate-board', but never found it.",
                "estack": "CypressError: Timed out retrying: Expected to find element: '#generate-board', but never found it.\n    at cypressErr (http://localhost:39507/__cypress/runner/cypress_runner.js:149934:9)\n    at throwErr (http://localhost:39507/__cypress/runner/cypress_runner.js:149867:11)\n    at Object.throwErrByPath (http://localhost:39507/__cypress/runner/cypress_runner.js:149915:3)\n    at retry (http://localhost:39507/__cypress/runner/cypress_runner.js:144197:19)\n    at onFailFn (http://localhost:39507/__cypress/runner/cypress_runner.js:132448:16)\n    at tryCatcher (http://localhost:39507/__cypress/runner/cypress_runner.js:167415:23)\n    at Promise._settlePromiseFromHandler (http://localhost:39507/__cypress/runner/cypress_runner.js:165351:31)\n    at Promise._settlePromise (http://localhost:39507/__cypress/runner/cypress_runner.js:165408:18)\n    at Promise._settlePromise0 (http://localhost:39507/__cypress/runner/cypress_runner.js:165453:10)\n    at Promise._settlePromises (http://localhost:39507/__cypress/runner/cypress_runner.js:165528:18)\n    at Async../node_modules/bluebird/js/release/async.js.Async._drainQueue (http://localhost:39507/__cypress/runner/cypress_runner.js:162140:16)\n    at Async../node_modules/bluebird/js/release/async.js.Async._drainQueues (http://localhost:39507/__cypress/runner/cypress_runner.js:162150:10)\n    at Async.drainQueues (http://localhost:39507/__cypress/runner/cypress_runner.js:162024:14)",
                "diff": null
              },
              "uuid": "819fc9dd-558c-4701-9c83-68586fbff639",
              "parentUUID": "c0dc4df8-5d30-4914-878a-ac2077837700",
              "isHook": false,
              "skipped": false
            },
            {
              "title": "Verifica se ao clicar no botão com um valor preenchido, o tamanho do board muda.",
              "fullTitle": "10 - Faça o quadro de pixels ter seu tamanho definido pelo usuário. Verifica se ao clicar no botão com um valor preenchido, o tamanho do board muda.",
              "timedOut": null,
              "duration": 4233,
              "state": "failed",
              "speed": null,
              "pass": false,
              "fail": true,
              "pending": false,
              "context": null,
              "code": "cy.get('#board-size').clear().type(10);\ncy.get('#generate-board').click();\ncy.get('.pixel').should('have.length', 100);",
              "err": {
                "message": "CypressError: Timed out retrying: Expected to find element: '#board-size', but never found it.",
                "estack": "CypressError: Timed out retrying: Expected to find element: '#board-size', but never found it.\n    at cypressErr (http://localhost:39507/__cypress/runner/cypress_runner.js:149934:9)\n    at throwErr (http://localhost:39507/__cypress/runner/cypress_runner.js:149867:11)\n    at Object.throwErrByPath (http://localhost:39507/__cypress/runner/cypress_runner.js:149915:3)\n    at retry (http://localhost:39507/__cypress/runner/cypress_runner.js:144197:19)\n    at onFailFn (http://localhost:39507/__cypress/runner/cypress_runner.js:132448:16)\n    at tryCatcher (http://localhost:39507/__cypress/runner/cypress_runner.js:167415:23)\n    at Promise._settlePromiseFromHandler (http://localhost:39507/__cypress/runner/cypress_runner.js:165351:31)\n    at Promise._settlePromise (http://localhost:39507/__cypress/runner/cypress_runner.js:165408:18)\n    at Promise._settlePromise0 (http://localhost:39507/__cypress/runner/cypress_runner.js:165453:10)\n    at Promise._settlePromises (http://localhost:39507/__cypress/runner/cypress_runner.js:165528:18)\n    at Async../node_modules/bluebird/js/release/async.js.Async._drainQueue (http://localhost:39507/__cypress/runner/cypress_runner.js:162140:16)\n    at Async../node_modules/bluebird/js/release/async.js.Async._drainQueues (http://localhost:39507/__cypress/runner/cypress_runner.js:162150:10)\n    at Async.drainQueues (http://localhost:39507/__cypress/runner/cypress_runner.js:162024:14)",
                "diff": null
              },
              "uuid": "976d5c5b-1129-4b10-82c5-aae157e6386b",
              "parentUUID": "c0dc4df8-5d30-4914-878a-ac2077837700",
              "isHook": false,
              "skipped": false
            },
            {
              "title": "Verifica se o novo quadro tem todos os pixels preenchidos com a cor branca",
              "fullTitle": "10 - Faça o quadro de pixels ter seu tamanho definido pelo usuário. Verifica se o novo quadro tem todos os pixels preenchidos com a cor branca",
              "timedOut": null,
              "duration": 4221,
              "state": "failed",
              "speed": null,
              "pass": false,
              "fail": true,
              "pending": false,
              "context": null,
              "code": "cy.get('#board-size').clear().type(6);\ncy.get('#generate-board').click();\ncy.get('.pixel').should('have.length', 36).each(function (pixel) {\n  expect(pixel).to.have.css('background-color', WHITE);\n});",
              "err": {
                "message": "CypressError: Timed out retrying: Expected to find element: '#board-size', but never found it.",
                "estack": "CypressError: Timed out retrying: Expected to find element: '#board-size', but never found it.\n    at cypressErr (http://localhost:39507/__cypress/runner/cypress_runner.js:149934:9)\n    at throwErr (http://localhost:39507/__cypress/runner/cypress_runner.js:149867:11)\n    at Object.throwErrByPath (http://localhost:39507/__cypress/runner/cypress_runner.js:149915:3)\n    at retry (http://localhost:39507/__cypress/runner/cypress_runner.js:144197:19)\n    at onFailFn (http://localhost:39507/__cypress/runner/cypress_runner.js:132448:16)\n    at tryCatcher (http://localhost:39507/__cypress/runner/cypress_runner.js:167415:23)\n    at Promise._settlePromiseFromHandler (http://localhost:39507/__cypress/runner/cypress_runner.js:165351:31)\n    at Promise._settlePromise (http://localhost:39507/__cypress/runner/cypress_runner.js:165408:18)\n    at Promise._settlePromise0 (http://localhost:39507/__cypress/runner/cypress_runner.js:165453:10)\n    at Promise._settlePromises (http://localhost:39507/__cypress/runner/cypress_runner.js:165528:18)\n    at Async../node_modules/bluebird/js/release/async.js.Async._drainQueue (http://localhost:39507/__cypress/runner/cypress_runner.js:162140:16)\n    at Async../node_modules/bluebird/js/release/async.js.Async._drainQueues (http://localhost:39507/__cypress/runner/cypress_runner.js:162150:10)\n    at Async.drainQueues (http://localhost:39507/__cypress/runner/cypress_runner.js:162024:14)",
                "diff": null
              },
              "uuid": "845ee096-3d15-4a5c-b802-50d30ed23c83",
              "parentUUID": "c0dc4df8-5d30-4914-878a-ac2077837700",
              "isHook": false,
              "skipped": false
            }
          ],
          "suites": [],
          "passes": [],
          "failures": [
            "ec3aebeb-d387-45c1-8a8c-aa3443801d01",
            "31a43720-a7c7-4758-9ae3-ef5601821849",
            "2dc2571d-bfe9-4264-b241-a04bac9a8f93",
            "133fe9a7-d1af-4501-9e39-3a5339a7161c",
            "23d25d54-c2ef-41ed-8724-db1f3621acbc",
            "bcf27379-ed8d-408c-82c6-0d0e5ba7935e",
            "819fc9dd-558c-4701-9c83-68586fbff639",
            "976d5c5b-1129-4b10-82c5-aae157e6386b",
            "845ee096-3d15-4a5c-b802-50d30ed23c83"
          ],
          "pending": [],
          "skipped": [],
          "duration": 38245,
          "root": false,
          "rootEmpty": false,
          "_timeout": 2000
        },
        {
          "uuid": "9d44c380-790d-44b5-a406-6710a3b71d25",
          "title": "11 - Limite o tamanho mínimo e máximo do board.",
          "fullFile": "",
          "file": "",
          "beforeHooks": [],
          "afterHooks": [],
          "tests": [
            {
              "title": "Verifica se a altura máxima do board é 50",
              "fullTitle": "11 - Limite o tamanho mínimo e máximo do board. Verifica se a altura máxima do board é 50",
              "timedOut": null,
              "duration": 4166,
              "state": "failed",
              "speed": null,
              "pass": false,
              "fail": true,
              "pending": false,
              "context": null,
              "code": "cy.get('#board-size').clear().type(50);\ncy.get('#generate-board').click();\ncy.get('.pixel').should('have.length', 2500);",
              "err": {
                "message": "CypressError: Timed out retrying: Expected to find element: '#board-size', but never found it.",
                "estack": "CypressError: Timed out retrying: Expected to find element: '#board-size', but never found it.\n    at cypressErr (http://localhost:39507/__cypress/runner/cypress_runner.js:149934:9)\n    at throwErr (http://localhost:39507/__cypress/runner/cypress_runner.js:149867:11)\n    at Object.throwErrByPath (http://localhost:39507/__cypress/runner/cypress_runner.js:149915:3)\n    at retry (http://localhost:39507/__cypress/runner/cypress_runner.js:144197:19)\n    at onFailFn (http://localhost:39507/__cypress/runner/cypress_runner.js:132448:16)\n    at tryCatcher (http://localhost:39507/__cypress/runner/cypress_runner.js:167415:23)\n    at Promise._settlePromiseFromHandler (http://localhost:39507/__cypress/runner/cypress_runner.js:165351:31)\n    at Promise._settlePromise (http://localhost:39507/__cypress/runner/cypress_runner.js:165408:18)\n    at Promise._settlePromise0 (http://localhost:39507/__cypress/runner/cypress_runner.js:165453:10)\n    at Promise._settlePromises (http://localhost:39507/__cypress/runner/cypress_runner.js:165528:18)\n    at Async../node_modules/bluebird/js/release/async.js.Async._drainQueue (http://localhost:39507/__cypress/runner/cypress_runner.js:162140:16)\n    at Async../node_modules/bluebird/js/release/async.js.Async._drainQueues (http://localhost:39507/__cypress/runner/cypress_runner.js:162150:10)\n    at Async.drainQueues (http://localhost:39507/__cypress/runner/cypress_runner.js:162024:14)",
                "diff": null
              },
              "uuid": "a9b5d3c1-1776-4836-928d-0742a60a6c18",
              "parentUUID": "9d44c380-790d-44b5-a406-6710a3b71d25",
              "isHook": false,
              "skipped": false
            },
            {
              "title": "Verifica se a altura do board é 5 quando um valor menor é colocado no input",
              "fullTitle": "11 - Limite o tamanho mínimo e máximo do board. Verifica se a altura do board é 5 quando um valor menor é colocado no input",
              "timedOut": null,
              "duration": 4190,
              "state": "failed",
              "speed": null,
              "pass": false,
              "fail": true,
              "pending": false,
              "context": null,
              "code": "cy.get('#board-size').clear().type(4);\ncy.get('#generate-board').click();\ncy.get('.pixel').should('have.length', 25);",
              "err": {
                "message": "CypressError: Timed out retrying: Expected to find element: '#board-size', but never found it.",
                "estack": "CypressError: Timed out retrying: Expected to find element: '#board-size', but never found it.\n    at cypressErr (http://localhost:39507/__cypress/runner/cypress_runner.js:149934:9)\n    at throwErr (http://localhost:39507/__cypress/runner/cypress_runner.js:149867:11)\n    at Object.throwErrByPath (http://localhost:39507/__cypress/runner/cypress_runner.js:149915:3)\n    at retry (http://localhost:39507/__cypress/runner/cypress_runner.js:144197:19)\n    at onFailFn (http://localhost:39507/__cypress/runner/cypress_runner.js:132448:16)\n    at tryCatcher (http://localhost:39507/__cypress/runner/cypress_runner.js:167415:23)\n    at Promise._settlePromiseFromHandler (http://localhost:39507/__cypress/runner/cypress_runner.js:165351:31)\n    at Promise._settlePromise (http://localhost:39507/__cypress/runner/cypress_runner.js:165408:18)\n    at Promise._settlePromise0 (http://localhost:39507/__cypress/runner/cypress_runner.js:165453:10)\n    at Promise._settlePromises (http://localhost:39507/__cypress/runner/cypress_runner.js:165528:18)\n    at Async../node_modules/bluebird/js/release/async.js.Async._drainQueue (http://localhost:39507/__cypress/runner/cypress_runner.js:162140:16)\n    at Async../node_modules/bluebird/js/release/async.js.Async._drainQueues (http://localhost:39507/__cypress/runner/cypress_runner.js:162150:10)\n    at Async.drainQueues (http://localhost:39507/__cypress/runner/cypress_runner.js:162024:14)",
                "diff": null
              },
              "uuid": "ccf28290-845f-4cfd-b6a8-b39814ad36f9",
              "parentUUID": "9d44c380-790d-44b5-a406-6710a3b71d25",
              "isHook": false,
              "skipped": false
            },
            {
              "title": "Verifica se a altura do board é 50 quando um valor maior é colocado no input",
              "fullTitle": "11 - Limite o tamanho mínimo e máximo do board. Verifica se a altura do board é 50 quando um valor maior é colocado no input",
              "timedOut": null,
              "duration": 4249,
              "state": "failed",
              "speed": null,
              "pass": false,
              "fail": true,
              "pending": false,
              "context": null,
              "code": "cy.get('#board-size').clear().type(51);\ncy.get('#generate-board').click();\ncy.get('.pixel').should('have.length', 2500);",
              "err": {
                "message": "CypressError: Timed out retrying: Expected to find element: '#board-size', but never found it.",
                "estack": "CypressError: Timed out retrying: Expected to find element: '#board-size', but never found it.\n    at cypressErr (http://localhost:39507/__cypress/runner/cypress_runner.js:149934:9)\n    at throwErr (http://localhost:39507/__cypress/runner/cypress_runner.js:149867:11)\n    at Object.throwErrByPath (http://localhost:39507/__cypress/runner/cypress_runner.js:149915:3)\n    at retry (http://localhost:39507/__cypress/runner/cypress_runner.js:144197:19)\n    at onFailFn (http://localhost:39507/__cypress/runner/cypress_runner.js:132448:16)\n    at tryCatcher (http://localhost:39507/__cypress/runner/cypress_runner.js:167415:23)\n    at Promise._settlePromiseFromHandler (http://localhost:39507/__cypress/runner/cypress_runner.js:165351:31)\n    at Promise._settlePromise (http://localhost:39507/__cypress/runner/cypress_runner.js:165408:18)\n    at Promise._settlePromise0 (http://localhost:39507/__cypress/runner/cypress_runner.js:165453:10)\n    at Promise._settlePromises (http://localhost:39507/__cypress/runner/cypress_runner.js:165528:18)\n    at Async../node_modules/bluebird/js/release/async.js.Async._drainQueue (http://localhost:39507/__cypress/runner/cypress_runner.js:162140:16)\n    at Async../node_modules/bluebird/js/release/async.js.Async._drainQueues (http://localhost:39507/__cypress/runner/cypress_runner.js:162150:10)\n    at Async.drainQueues (http://localhost:39507/__cypress/runner/cypress_runner.js:162024:14)",
                "diff": null
              },
              "uuid": "296915ea-895d-46de-880c-5fcb0bd0217d",
              "parentUUID": "9d44c380-790d-44b5-a406-6710a3b71d25",
              "isHook": false,
              "skipped": false
            }
          ],
          "suites": [],
          "passes": [],
          "failures": [
            "a9b5d3c1-1776-4836-928d-0742a60a6c18",
            "ccf28290-845f-4cfd-b6a8-b39814ad36f9",
            "296915ea-895d-46de-880c-5fcb0bd0217d"
          ],
          "pending": [],
          "skipped": [],
          "duration": 12605,
          "root": false,
          "rootEmpty": false,
          "_timeout": 2000
        },
        {
          "uuid": "ccb90524-3f74-4840-a1c2-6890d9778c17",
          "title": "12 - Faça com que as cores da paleta sejam geradas aleatoriamente ao carregar a página.",
          "fullFile": "",
          "file": "",
          "beforeHooks": [],
          "afterHooks": [],
          "tests": [
            {
              "title": "Verifica se as cores geradas na paleta são diferentes a cada carregamento da página",
              "fullTitle": "12 - Faça com que as cores da paleta sejam geradas aleatoriamente ao carregar a página. Verifica se as cores geradas na paleta são diferentes a cada carregamento da página",
              "timedOut": null,
              "duration": 342,
              "state": "failed",
              "speed": null,
              "pass": false,
              "fail": true,
              "pending": false,
              "context": null,
              "code": "cy.get('.color').then(function (colors) {\n  var currentColors;\n  var previousColors;\n  previousColors = Array.from(colors).map(function (color) {\n    return Cypress.$(color).css('background-color');\n  });\n  for (var i = 0; i < 5; i += 1) {\n    cy.reload();\n    cy.get('.color').then(function (colors) {\n      currentColors = Array.from(colors).map(function (color) {\n        return Cypress.$(color).css('background-color');\n      });\n      expect(currentColors).not.to.deep.equal(previousColors);\n      previousColors = currentColors;\n    });\n  }\n});",
              "err": {
                "message": "AssertionError: expected [ Array(5) ] to not deeply equal [ Array(5) ]",
                "estack": "AssertionError: expected [ Array(5) ] to not deeply equal [ Array(5) ]\n    at getRet (http://localhost:39507/__cypress/runner/cypress_runner.js:136585:16)\n    at tryCatcher (http://localhost:39507/__cypress/runner/cypress_runner.js:167415:23)\n    at Function.Promise.attempt.Promise.try (http://localhost:39507/__cypress/runner/cypress_runner.js:164690:29)\n    at Context.thenFn (http://localhost:39507/__cypress/runner/cypress_runner.js:136599:23)\n    at Context.then (http://localhost:39507/__cypress/runner/cypress_runner.js:136971:21)\n    at Context.<anonymous> (http://localhost:39507/__cypress/runner/cypress_runner.js:148875:21)\n    at http://localhost:39507/__cypress/runner/cypress_runner.js:148351:33\n    at tryCatcher (http://localhost:39507/__cypress/runner/cypress_runner.js:167415:23)\n    at Promise._settlePromiseFromHandler (http://localhost:39507/__cypress/runner/cypress_runner.js:165351:31)\n    at Promise._settlePromise (http://localhost:39507/__cypress/runner/cypress_runner.js:165408:18)\n    at Promise._settlePromiseCtx (http://localhost:39507/__cypress/runner/cypress_runner.js:165445:10)\n    at Async../node_modules/bluebird/js/release/async.js.Async._drainQueue (http://localhost:39507/__cypress/runner/cypress_runner.js:162145:12)\n    at Async../node_modules/bluebird/js/release/async.js.Async._drainQueues (http://localhost:39507/__cypress/runner/cypress_runner.js:162150:10)\n    at Async.drainQueues (http://localhost:39507/__cypress/runner/cypress_runner.js:162024:14)",
                "diff": ""
              },
              "uuid": "522e09b2-6217-4c3d-a45b-c8ee0af31212",
              "parentUUID": "ccb90524-3f74-4840-a1c2-6890d9778c17",
              "isHook": false,
              "skipped": false
            },
            {
              "title": "Verifica se a cor preta ainda está presente e é a primeira na sua paleta de cores",
              "fullTitle": "12 - Faça com que as cores da paleta sejam geradas aleatoriamente ao carregar a página. Verifica se a cor preta ainda está presente e é a primeira na sua paleta de cores",
              "timedOut": null,
              "duration": 198,
              "state": "failed",
              "speed": null,
              "pass": false,
              "fail": true,
              "pending": false,
              "context": null,
              "code": "cy.get('.color').then(function (colors) {\n  var currentColors;\n  var previousColors;\n  previousColors = Array.from(colors).map(function (color) {\n    return Cypress.$(color).css('background-color');\n  });\n  expect(previousColors[0]).to.eq(BLACK);\n  for (var i = 0; i < 5; i += 1) {\n    cy.reload();\n    cy.get('.color').then(function (colors) {\n      currentColors = Array.from(colors).map(function (color) {\n        return Cypress.$(color).css('background-color');\n      });\n      expect(currentColors[0]).to.eq(BLACK);\n      expect(currentColors).not.to.deep.equal(previousColors);\n      previousColors = currentColors;\n    });\n  }\n});",
              "err": {
                "message": "AssertionError: expected [ Array(5) ] to not deeply equal [ Array(5) ]",
                "estack": "AssertionError: expected [ Array(5) ] to not deeply equal [ Array(5) ]\n    at getRet (http://localhost:39507/__cypress/runner/cypress_runner.js:136585:16)\n    at tryCatcher (http://localhost:39507/__cypress/runner/cypress_runner.js:167415:23)\n    at Function.Promise.attempt.Promise.try (http://localhost:39507/__cypress/runner/cypress_runner.js:164690:29)\n    at Context.thenFn (http://localhost:39507/__cypress/runner/cypress_runner.js:136599:23)\n    at Context.then (http://localhost:39507/__cypress/runner/cypress_runner.js:136971:21)\n    at Context.<anonymous> (http://localhost:39507/__cypress/runner/cypress_runner.js:148875:21)\n    at http://localhost:39507/__cypress/runner/cypress_runner.js:148351:33\n    at tryCatcher (http://localhost:39507/__cypress/runner/cypress_runner.js:167415:23)\n    at Promise._settlePromiseFromHandler (http://localhost:39507/__cypress/runner/cypress_runner.js:165351:31)\n    at Promise._settlePromise (http://localhost:39507/__cypress/runner/cypress_runner.js:165408:18)\n    at Promise._settlePromiseCtx (http://localhost:39507/__cypress/runner/cypress_runner.js:165445:10)\n    at Async../node_modules/bluebird/js/release/async.js.Async._drainQueue (http://localhost:39507/__cypress/runner/cypress_runner.js:162145:12)\n    at Async../node_modules/bluebird/js/release/async.js.Async._drainQueues (http://localhost:39507/__cypress/runner/cypress_runner.js:162150:10)\n    at Async.drainQueues (http://localhost:39507/__cypress/runner/cypress_runner.js:162024:14)",
                "diff": ""
              },
              "uuid": "3a6e832d-6f71-4173-bace-83b9aad151fb",
              "parentUUID": "ccb90524-3f74-4840-a1c2-6890d9778c17",
              "isHook": false,
              "skipped": false
            }
          ],
          "suites": [],
          "passes": [],
          "failures": [
            "522e09b2-6217-4c3d-a45b-c8ee0af31212",
            "3a6e832d-6f71-4173-bace-83b9aad151fb"
          ],
          "pending": [],
          "skipped": [],
          "duration": 540,
          "root": false,
          "rootEmpty": false,
          "_timeout": 2000
        }
      ],
      "passes": [],
      "failures": [],
      "pending": [],
      "skipped": [],
      "duration": 0,
      "root": true,
      "rootEmpty": true,
      "_timeout": 2000
    }
  ],
  "meta": {
    "mocha": {
      "version": "7.0.1"
    },
    "mochawesome": {
      "options": {
        "quiet": false,
        "reportFilename": "mochawesome",
        "saveHtml": false,
        "saveJson": true,
        "consoleReporter": "spec",
        "useInlineDiffs": false
      },
      "version": "4.1.0"
    },
    "marge": {
      "options": {
        "id": "default",
        "reportDir": "cypress/reports",
        "overwrite": true,
        "html": false,
        "json": true
      },
      "version": "4.1.0"
    }
  }
}